{"/home/dmitry-kazakov/projects/dk/react-mobx-globals/src/utils/clearDynamic.ts": {"path":"/home/dmitry-kazakov/projects/dk/react-mobx-globals/src/utils/clearDynamic.ts","statementMap":{"0":{"start":{"line":2,"column":2},"end":{"line":2,"column":32}},"1":{"start":{"line":1,"column":0},"end":{"line":1,"column":16}}},"fnMap":{"0":{"name":"clearDynamic","decl":{"start":{"line":1,"column":16},"end":{"line":1,"column":28}},"loc":{"start":{"line":1,"column":42},"end":{"line":3,"column":1}}}},"branchMap":{},"s":{"0":6,"1":1},"f":{"0":6},"b":{}}
,"/home/dmitry-kazakov/projects/dk/react-mobx-globals/src/utils/constants.ts": {"path":"/home/dmitry-kazakov/projects/dk/react-mobx-globals/src/utils/constants.ts","statementMap":{"0":{"start":{"line":1,"column":13},"end":{"line":4,"column":2}}},"fnMap":{},"branchMap":{},"s":{"0":1},"f":{},"b":{}}
,"/home/dmitry-kazakov/projects/dk/react-mobx-globals/src/utils/findRoute.ts": {"path":"/home/dmitry-kazakov/projects/dk/react-mobx-globals/src/utils/findRoute.ts","statementMap":{"0":{"start":{"line":2,"column":0},"end":{"line":2,"column":29}},"1":{"start":{"line":4,"column":0},"end":{"line":4,"column":31}},"2":{"start":{"line":8,"column":0},"end":{"line":8,"column":40}},"3":{"start":{"line":9,"column":0},"end":{"line":9,"column":40}},"4":{"start":{"line":10,"column":0},"end":{"line":10,"column":46}},"5":{"start":{"line":16,"column":31},"end":{"line":16,"column":37}},"6":{"start":{"line":18,"column":24},"end":{"line":18,"column":83}},"7":{"start":{"line":20,"column":2},"end":{"line":50,"column":5}},"8":{"start":{"line":21,"column":31},"end":{"line":21,"column":86}},"9":{"start":{"line":23,"column":4},"end":{"line":23,"column":73}},"10":{"start":{"line":23,"column":60},"end":{"line":23,"column":73}},"11":{"start":{"line":30,"column":4},"end":{"line":47,"column":null}},"12":{"start":{"line":30,"column":17},"end":{"line":30,"column":18}},"13":{"start":{"line":31,"column":24},"end":{"line":31,"column":45}},"14":{"start":{"line":32,"column":31},"end":{"line":32,"column":47}},"15":{"start":{"line":35,"column":6},"end":{"line":46,"column":null}},"16":{"start":{"line":36,"column":8},"end":{"line":36,"column":57}},"17":{"start":{"line":36,"column":44},"end":{"line":36,"column":57}},"18":{"start":{"line":38,"column":26},"end":{"line":38,"column":66}},"19":{"start":{"line":40,"column":8},"end":{"line":42,"column":null}},"20":{"start":{"line":41,"column":10},"end":{"line":41,"column":83}},"21":{"start":{"line":45,"column":8},"end":{"line":45,"column":55}},"22":{"start":{"line":45,"column":42},"end":{"line":45,"column":55}},"23":{"start":{"line":49,"column":4},"end":{"line":49,"column":16}},"24":{"start":{"line":12,"column":0},"end":{"line":12,"column":16}}},"fnMap":{"0":{"name":"findRoute","decl":{"start":{"line":12,"column":16},"end":{"line":12,"column":25}},"loc":{"start":{"line":15,"column":1},"end":{"line":51,"column":1}}},"1":{"name":"(anonymous_2)","decl":{"start":{"line":20,"column":22},"end":{"line":20,"column":23}},"loc":{"start":{"line":20,"column":47},"end":{"line":50,"column":3}}}},"branchMap":{"0":{"loc":{"start":{"line":23,"column":4},"end":{"line":23,"column":73}},"type":"if","locations":[{"start":{"line":23,"column":4},"end":{"line":23,"column":73}},{"start":{"line":23,"column":4},"end":{"line":23,"column":73}}]},"1":{"loc":{"start":{"line":35,"column":6},"end":{"line":46,"column":null}},"type":"if","locations":[{"start":{"line":35,"column":6},"end":{"line":46,"column":null}},{"start":{"line":35,"column":6},"end":{"line":46,"column":null}}]},"2":{"loc":{"start":{"line":36,"column":8},"end":{"line":36,"column":57}},"type":"if","locations":[{"start":{"line":36,"column":8},"end":{"line":36,"column":57}},{"start":{"line":36,"column":8},"end":{"line":36,"column":57}}]},"3":{"loc":{"start":{"line":40,"column":8},"end":{"line":42,"column":null}},"type":"if","locations":[{"start":{"line":40,"column":8},"end":{"line":42,"column":null}},{"start":{"line":40,"column":8},"end":{"line":42,"column":null}}]},"4":{"loc":{"start":{"line":45,"column":8},"end":{"line":45,"column":55}},"type":"if","locations":[{"start":{"line":45,"column":8},"end":{"line":45,"column":55}},{"start":{"line":45,"column":8},"end":{"line":45,"column":55}}]}},"s":{"0":1,"1":1,"2":1,"3":1,"4":1,"5":11,"6":11,"7":11,"8":15,"9":15,"10":6,"11":9,"12":9,"13":15,"14":15,"15":15,"16":12,"17":5,"18":3,"19":3,"20":1,"21":2,"22":1,"23":2,"24":1},"f":{"0":11,"1":15},"b":{"0":[6,9],"1":[12,3],"2":[5,7],"3":[1,2],"4":[1,1]}}
,"/home/dmitry-kazakov/projects/dk/react-mobx-globals/src/utils/findRouteByPathname.ts": {"path":"/home/dmitry-kazakov/projects/dk/react-mobx-globals/src/utils/findRouteByPathname.ts","statementMap":{"0":{"start":{"line":3,"column":0},"end":{"line":3,"column":40}},"1":{"start":{"line":4,"column":0},"end":{"line":4,"column":40}},"2":{"start":{"line":7,"column":2},"end":{"line":9,"column":81}},"3":{"start":{"line":8,"column":21},"end":{"line":8,"column":74}},"4":{"start":{"line":9,"column":26},"end":{"line":9,"column":58}},"5":{"start":{"line":13,"column":2},"end":{"line":15,"column":81}},"6":{"start":{"line":14,"column":21},"end":{"line":14,"column":75}},"7":{"start":{"line":15,"column":26},"end":{"line":15,"column":58}},"8":{"start":{"line":30,"column":2},"end":{"line":33,"column":4}},"9":{"start":{"line":18,"column":0},"end":{"line":18,"column":16}}},"fnMap":{"0":{"name":"getDynamicRoutes","decl":{"start":{"line":6,"column":9},"end":{"line":6,"column":25}},"loc":{"start":{"line":6,"column":83},"end":{"line":10,"column":1}}},"1":{"name":"(anonymous_1)","decl":{"start":{"line":8,"column":12},"end":{"line":8,"column":13}},"loc":{"start":{"line":8,"column":21},"end":{"line":8,"column":74}}},"2":{"name":"(anonymous_2)","decl":{"start":{"line":9,"column":12},"end":{"line":9,"column":13}},"loc":{"start":{"line":9,"column":26},"end":{"line":9,"column":58}}},"3":{"name":"getStaticRoutes","decl":{"start":{"line":12,"column":9},"end":{"line":12,"column":24}},"loc":{"start":{"line":12,"column":82},"end":{"line":16,"column":1}}},"4":{"name":"(anonymous_4)","decl":{"start":{"line":14,"column":12},"end":{"line":14,"column":13}},"loc":{"start":{"line":14,"column":21},"end":{"line":14,"column":75}}},"5":{"name":"(anonymous_5)","decl":{"start":{"line":15,"column":12},"end":{"line":15,"column":13}},"loc":{"start":{"line":15,"column":26},"end":{"line":15,"column":58}}},"6":{"name":"findRouteByPathname","decl":{"start":{"line":18,"column":16},"end":{"line":18,"column":35}},"loc":{"start":{"line":24,"column":1},"end":{"line":34,"column":1}}}},"branchMap":{"0":{"loc":{"start":{"line":31,"column":4},"end":{"line":32,"column":61}},"type":"binary-expr","locations":[{"start":{"line":31,"column":4},"end":{"line":31,"column":60}},{"start":{"line":32,"column":4},"end":{"line":32,"column":61}}]}},"s":{"0":1,"1":1,"2":5,"3":15,"4":10,"5":6,"6":18,"7":6,"8":6,"9":1},"f":{"0":5,"1":15,"2":10,"3":6,"4":18,"5":6,"6":6},"b":{"0":[6,5]}}
,"/home/dmitry-kazakov/projects/dk/react-mobx-globals/src/utils/getDynamicValues.ts": {"path":"/home/dmitry-kazakov/projects/dk/react-mobx-globals/src/utils/getDynamicValues.ts","statementMap":{"0":{"start":{"line":3,"column":0},"end":{"line":3,"column":40}},"1":{"start":{"line":4,"column":0},"end":{"line":4,"column":40}},"2":{"start":{"line":5,"column":0},"end":{"line":5,"column":46}},"3":{"start":{"line":11,"column":37},"end":{"line":11,"column":43}},"4":{"start":{"line":13,"column":39},"end":{"line":13,"column":98}},"5":{"start":{"line":14,"column":64},"end":{"line":16,"column":20}},"6":{"start":{"line":17,"column":46},"end":{"line":17,"column":48}},"7":{"start":{"line":19,"column":2},"end":{"line":28,"column":null}},"8":{"start":{"line":19,"column":15},"end":{"line":19,"column":16}},"9":{"start":{"line":20,"column":27},"end":{"line":20,"column":48}},"10":{"start":{"line":22,"column":4},"end":{"line":22,"column":45}},"11":{"start":{"line":22,"column":36},"end":{"line":22,"column":45}},"12":{"start":{"line":24,"column":50},"end":{"line":24,"column":78}},"13":{"start":{"line":25,"column":35},"end":{"line":25,"column":51}},"14":{"start":{"line":27,"column":4},"end":{"line":27,"column":49}},"15":{"start":{"line":30,"column":2},"end":{"line":30,"column":23}},"16":{"start":{"line":7,"column":0},"end":{"line":7,"column":16}}},"fnMap":{"0":{"name":"getDynamicValues","decl":{"start":{"line":7,"column":16},"end":{"line":7,"column":32}},"loc":{"start":{"line":10,"column":1},"end":{"line":31,"column":1}}}},"branchMap":{"0":{"loc":{"start":{"line":22,"column":4},"end":{"line":22,"column":45}},"type":"if","locations":[{"start":{"line":22,"column":4},"end":{"line":22,"column":45}},{"start":{"line":22,"column":4},"end":{"line":22,"column":45}}]}},"s":{"0":1,"1":1,"2":1,"3":2,"4":2,"5":2,"6":2,"7":2,"8":2,"9":4,"10":4,"11":3,"12":1,"13":1,"14":1,"15":2,"16":1},"f":{"0":2},"b":{"0":[3,1]}}
,"/home/dmitry-kazakov/projects/dk/react-mobx-globals/src/utils/isDynamic.ts": {"path":"/home/dmitry-kazakov/projects/dk/react-mobx-globals/src/utils/isDynamic.ts","statementMap":{"0":{"start":{"line":2,"column":2},"end":{"line":2,"column":31}},"1":{"start":{"line":1,"column":0},"end":{"line":1,"column":16}}},"fnMap":{"0":{"name":"isDynamic","decl":{"start":{"line":1,"column":16},"end":{"line":1,"column":25}},"loc":{"start":{"line":1,"column":39},"end":{"line":3,"column":1}}}},"branchMap":{},"s":{"0":25,"1":1},"f":{"0":25},"b":{}}
,"/home/dmitry-kazakov/projects/dk/react-mobx-globals/src/utils/replaceDynamicValues.ts": {"path":"/home/dmitry-kazakov/projects/dk/react-mobx-globals/src/utils/replaceDynamicValues.ts","statementMap":{"0":{"start":{"line":3,"column":0},"end":{"line":3,"column":40}},"1":{"start":{"line":4,"column":0},"end":{"line":4,"column":40}},"2":{"start":{"line":5,"column":0},"end":{"line":5,"column":46}},"3":{"start":{"line":11,"column":35},"end":{"line":11,"column":39}},"4":{"start":{"line":13,"column":2},"end":{"line":28,"column":39}},"5":{"start":{"line":16,"column":6},"end":{"line":16,"column":50}},"6":{"start":{"line":16,"column":33},"end":{"line":16,"column":50}},"7":{"start":{"line":18,"column":20},"end":{"line":18,"column":51}},"8":{"start":{"line":20,"column":6},"end":{"line":24,"column":null}},"9":{"start":{"line":21,"column":8},"end":{"line":23,"column":10}},"10":{"start":{"line":26,"column":6},"end":{"line":26,"column":19}},"11":{"start":{"line":7,"column":0},"end":{"line":7,"column":16}}},"fnMap":{"0":{"name":"replaceDynamicValues","decl":{"start":{"line":7,"column":16},"end":{"line":7,"column":36}},"loc":{"start":{"line":10,"column":1},"end":{"line":29,"column":1}}},"1":{"name":"(anonymous_1)","decl":{"start":{"line":15,"column":9},"end":{"line":15,"column":10}},"loc":{"start":{"line":15,"column":31},"end":{"line":27,"column":5}}}},"branchMap":{"0":{"loc":{"start":{"line":16,"column":6},"end":{"line":16,"column":50}},"type":"if","locations":[{"start":{"line":16,"column":6},"end":{"line":16,"column":50}},{"start":{"line":16,"column":6},"end":{"line":16,"column":50}}]},"1":{"loc":{"start":{"line":20,"column":6},"end":{"line":24,"column":null}},"type":"if","locations":[{"start":{"line":20,"column":6},"end":{"line":24,"column":null}},{"start":{"line":20,"column":6},"end":{"line":24,"column":null}}]}},"s":{"0":1,"1":1,"2":1,"3":2,"4":2,"5":6,"6":4,"7":2,"8":2,"9":1,"10":1,"11":1},"f":{"0":2,"1":6},"b":{"0":[4,2],"1":[1,1]}}
}
