{"/home/dmitry-kazakov/projects/dk/react-mobx-globals/src/createContextProps.ts": {"path":"/home/dmitry-kazakov/projects/dk/react-mobx-globals/src/createContextProps.ts","statementMap":{"0":{"start":{"line":2,"column":0},"end":{"line":4,"column":3}},"1":{"start":{"line":5,"column":0},"end":{"line":8,"column":3}},"2":{"start":{"line":7,"column":13},"end":{"line":7,"column":31}},"3":{"start":{"line":9,"column":29},"end":{"line":9,"column":69}},"4":{"start":{"line":10,"column":32},"end":{"line":10,"column":75}},"5":{"start":{"line":12,"column":20},"end":{"line":18,"column":5}},"6":{"start":{"line":14,"column":12},"end":{"line":16,"column":75}},"7":{"start":{"line":16,"column":39},"end":{"line":16,"column":73}},"8":{"start":{"line":19,"column":20},"end":{"line":27,"column":5}},"9":{"start":{"line":23,"column":19},"end":{"line":23,"column":24}},"10":{"start":{"line":26,"column":33},"end":{"line":26,"column":38}},"11":{"start":{"line":28,"column":4},"end":{"line":28,"column":101}},"12":{"start":{"line":30,"column":4},"end":{"line":39,"column":5}},"13":{"start":{"line":31,"column":8},"end":{"line":31,"column":85}},"14":{"start":{"line":31,"column":47},"end":{"line":31,"column":85}},"15":{"start":{"line":32,"column":28},"end":{"line":32,"column":58}},"16":{"start":{"line":34,"column":8},"end":{"line":38,"column":9}},"17":{"start":{"line":35,"column":27},"end":{"line":35,"column":50}},"18":{"start":{"line":37,"column":12},"end":{"line":37,"column":95}},"19":{"start":{"line":41,"column":4},"end":{"line":55,"column":5}},"20":{"start":{"line":43,"column":90},"end":{"line":43,"column":102}},"21":{"start":{"line":44,"column":8},"end":{"line":54,"column":20}},"22":{"start":{"line":56,"column":4},"end":{"line":56,"column":19}}},"fnMap":{"0":{"name":"(anonymous_0)","decl":{"start":{"line":7,"column":9},"end":{"line":7,"column":10}},"loc":{"start":{"line":7,"column":13},"end":{"line":7,"column":31}},"line":7},"1":{"name":"createContextProps","decl":{"start":{"line":11,"column":9},"end":{"line":11,"column":27}},"loc":{"start":{"line":11,"column":107},"end":{"line":57,"column":1}},"line":11},"2":{"name":"(anonymous_2)","decl":{"start":{"line":13,"column":8},"end":{"line":13,"column":9}},"loc":{"start":{"line":13,"column":21},"end":{"line":17,"column":9}},"line":13},"3":{"name":"(anonymous_3)","decl":{"start":{"line":16,"column":12},"end":{"line":16,"column":13}},"loc":{"start":{"line":16,"column":39},"end":{"line":16,"column":73}},"line":16},"4":{"name":"(anonymous_4)","decl":{"start":{"line":23,"column":15},"end":{"line":23,"column":16}},"loc":{"start":{"line":23,"column":19},"end":{"line":23,"column":24}},"line":23},"5":{"name":"(anonymous_5)","decl":{"start":{"line":26,"column":29},"end":{"line":26,"column":30}},"loc":{"start":{"line":26,"column":33},"end":{"line":26,"column":38}},"line":26}},"branchMap":{"0":{"loc":{"start":{"line":31,"column":8},"end":{"line":31,"column":85}},"type":"if","locations":[{"start":{"line":31,"column":8},"end":{"line":31,"column":85}},{"start":{"line":31,"column":8},"end":{"line":31,"column":85}}],"line":31},"1":{"loc":{"start":{"line":50,"column":30},"end":{"line":50,"column":114}},"type":"cond-expr","locations":[{"start":{"line":50,"column":90},"end":{"line":50,"column":96}},{"start":{"line":50,"column":99},"end":{"line":50,"column":114}}],"line":50},"2":{"loc":{"start":{"line":50,"column":30},"end":{"line":50,"column":87}},"type":"binary-expr","locations":[{"start":{"line":50,"column":30},"end":{"line":50,"column":69}},{"start":{"line":50,"column":73},"end":{"line":50,"column":87}}],"line":50},"3":{"loc":{"start":{"line":51,"column":31},"end":{"line":51,"column":119}},"type":"cond-expr","locations":[{"start":{"line":51,"column":93},"end":{"line":51,"column":99}},{"start":{"line":51,"column":102},"end":{"line":51,"column":119}}],"line":51},"4":{"loc":{"start":{"line":51,"column":31},"end":{"line":51,"column":90}},"type":"binary-expr","locations":[{"start":{"line":51,"column":31},"end":{"line":51,"column":71}},{"start":{"line":51,"column":75},"end":{"line":51,"column":90}}],"line":51}},"s":{"0":1,"1":1,"2":3,"3":1,"4":1,"5":3,"6":3,"7":3,"8":3,"9":0,"10":0,"11":3,"12":3,"13":6,"14":6,"15":6,"16":6,"17":3,"18":3,"19":3,"20":0,"21":0,"22":3},"f":{"0":3,"1":3,"2":3,"3":3,"4":0,"5":0},"b":{"0":[6,0],"1":[0,0],"2":[0,0],"3":[0,0],"4":[0,0]},"_coverageSchema":"1a1c01bbd47fc00a2c39e90264f33305004495a9","hash":"9d77d45a5e8fb3a106e58569f0a02e879cb5dafc","contentHash":"74e2a7e480e078031bda037f540a478178da93cd9232fbc48bf4fcaf975facc2"}
,"/home/dmitry-kazakov/projects/dk/react-mobx-globals/src/createRouterStore.ts": {"path":"/home/dmitry-kazakov/projects/dk/react-mobx-globals/src/createRouterStore.ts","statementMap":{"0":{"start":{"line":2,"column":0},"end":{"line":4,"column":3}},"1":{"start":{"line":5,"column":0},"end":{"line":8,"column":3}},"2":{"start":{"line":7,"column":13},"end":{"line":7,"column":30}},"3":{"start":{"line":9,"column":29},"end":{"line":9,"column":67}},"4":{"start":{"line":11,"column":4},"end":{"line":35,"column":6}},"5":{"start":{"line":13,"column":12},"end":{"line":13,"column":95}},"6":{"start":{"line":13,"column":26},"end":{"line":13,"column":95}},"7":{"start":{"line":13,"column":64},"end":{"line":13,"column":93}},"8":{"start":{"line":14,"column":12},"end":{"line":14,"column":36}},"9":{"start":{"line":17,"column":12},"end":{"line":17,"column":75}},"10":{"start":{"line":20,"column":12},"end":{"line":20,"column":69}},"11":{"start":{"line":23,"column":12},"end":{"line":23,"column":57}},"12":{"start":{"line":23,"column":45},"end":{"line":23,"column":57}},"13":{"start":{"line":24,"column":12},"end":{"line":27,"column":15}},"14":{"start":{"line":30,"column":12},"end":{"line":30,"column":34}},"15":{"start":{"line":31,"column":12},"end":{"line":31,"column":36}},"16":{"start":{"line":33,"column":12},"end":{"line":33,"column":35}}},"fnMap":{"0":{"name":"(anonymous_0)","decl":{"start":{"line":7,"column":9},"end":{"line":7,"column":10}},"loc":{"start":{"line":7,"column":13},"end":{"line":7,"column":30}},"line":7},"1":{"name":"createRouterStore","decl":{"start":{"line":10,"column":9},"end":{"line":10,"column":26}},"loc":{"start":{"line":10,"column":51},"end":{"line":36,"column":1}},"line":10},"2":{"name":"(anonymous_2)","decl":{"start":{"line":12,"column":8},"end":{"line":12,"column":9}},"loc":{"start":{"line":12,"column":31},"end":{"line":15,"column":9}},"line":12},"3":{"name":"(anonymous_3)","decl":{"start":{"line":13,"column":57},"end":{"line":13,"column":58}},"loc":{"start":{"line":13,"column":64},"end":{"line":13,"column":93}},"line":13},"4":{"name":"(anonymous_4)","decl":{"start":{"line":16,"column":8},"end":{"line":16,"column":9}},"loc":{"start":{"line":16,"column":29},"end":{"line":18,"column":9}},"line":16},"5":{"name":"(anonymous_5)","decl":{"start":{"line":19,"column":8},"end":{"line":19,"column":9}},"loc":{"start":{"line":19,"column":36},"end":{"line":21,"column":9}},"line":19},"6":{"name":"(anonymous_6)","decl":{"start":{"line":22,"column":8},"end":{"line":22,"column":9}},"loc":{"start":{"line":22,"column":28},"end":{"line":28,"column":9}},"line":22},"7":{"name":"(anonymous_7)","decl":{"start":{"line":29,"column":8},"end":{"line":29,"column":9}},"loc":{"start":{"line":29,"column":21},"end":{"line":34,"column":9}},"line":29}},"branchMap":{"0":{"loc":{"start":{"line":13,"column":12},"end":{"line":13,"column":95}},"type":"if","locations":[{"start":{"line":13,"column":12},"end":{"line":13,"column":95}},{"start":{"line":13,"column":12},"end":{"line":13,"column":95}}],"line":13},"1":{"loc":{"start":{"line":23,"column":12},"end":{"line":23,"column":57}},"type":"if","locations":[{"start":{"line":23,"column":12},"end":{"line":23,"column":57}},{"start":{"line":23,"column":12},"end":{"line":23,"column":57}}],"line":23}},"s":{"0":1,"1":1,"2":3,"3":1,"4":3,"5":10,"6":10,"7":20,"8":0,"9":5,"10":0,"11":0,"12":0,"13":0,"14":3,"15":3,"16":3},"f":{"0":3,"1":3,"2":10,"3":20,"4":5,"5":0,"6":0,"7":3},"b":{"0":[10,0],"1":[0,0]},"_coverageSchema":"1a1c01bbd47fc00a2c39e90264f33305004495a9","hash":"300ac42f26d7dc685badd72a65102ac2d867a2be","contentHash":"184fc68dd04223ff5c2253fa3e246d2756e7a9dd36383b57a1a8f01aef1cd7a1"}
,"/home/dmitry-kazakov/projects/dk/react-mobx-globals/src/getActionsLogs.ts": {"path":"/home/dmitry-kazakov/projects/dk/react-mobx-globals/src/getActionsLogs.ts","statementMap":{"0":{"start":{"line":2,"column":0},"end":{"line":4,"column":3}},"1":{"start":{"line":5,"column":0},"end":{"line":8,"column":3}},"2":{"start":{"line":7,"column":13},"end":{"line":7,"column":27}},"3":{"start":{"line":9,"column":14},"end":{"line":9,"column":29}},"4":{"start":{"line":10,"column":25},"end":{"line":10,"column":53}},"5":{"start":{"line":12,"column":4},"end":{"line":35,"column":12}},"6":{"start":{"line":13,"column":24},"end":{"line":13,"column":82}},"7":{"start":{"line":14,"column":27},"end":{"line":14,"column":123}},"8":{"start":{"line":14,"column":106},"end":{"line":14,"column":122}},"9":{"start":{"line":15,"column":8},"end":{"line":26,"column":9}},"10":{"start":{"line":16,"column":12},"end":{"line":18,"column":13}},"11":{"start":{"line":17,"column":16},"end":{"line":17,"column":29}},"12":{"start":{"line":22,"column":12},"end":{"line":24,"column":15}},"13":{"start":{"line":23,"column":16},"end":{"line":23,"column":72}},"14":{"start":{"line":25,"column":12},"end":{"line":25,"column":25}},"15":{"start":{"line":30,"column":10},"end":{"line":30,"column":22}},"16":{"start":{"line":31,"column":20},"end":{"line":31,"column":57}},"17":{"start":{"line":31,"column":76},"end":{"line":35,"column":9}},"18":{"start":{"line":38,"column":4},"end":{"line":64,"column":7}},"19":{"start":{"line":43,"column":25},"end":{"line":43,"column":51}},"20":{"start":{"line":44,"column":29},"end":{"line":44,"column":83}},"21":{"start":{"line":45,"column":33},"end":{"line":45,"column":150}},"22":{"start":{"line":46,"column":25},"end":{"line":46,"column":51}},"23":{"start":{"line":47,"column":26},"end":{"line":60,"column":9}},"24":{"start":{"line":61,"column":8},"end":{"line":63,"column":9}},"25":{"start":{"line":62,"column":12},"end":{"line":62,"column":68}},"26":{"start":{"line":62,"column":39},"end":{"line":62,"column":66}}},"fnMap":{"0":{"name":"(anonymous_0)","decl":{"start":{"line":7,"column":9},"end":{"line":7,"column":10}},"loc":{"start":{"line":7,"column":13},"end":{"line":7,"column":27}},"line":7},"1":{"name":"getLoggedActions","decl":{"start":{"line":11,"column":9},"end":{"line":11,"column":25}},"loc":{"start":{"line":11,"column":82},"end":{"line":36,"column":1}},"line":11},"2":{"name":"(anonymous_2)","decl":{"start":{"line":12,"column":31},"end":{"line":12,"column":32}},"loc":{"start":{"line":12,"column":43},"end":{"line":31,"column":5}},"line":12},"3":{"name":"(anonymous_3)","decl":{"start":{"line":14,"column":93},"end":{"line":14,"column":94}},"loc":{"start":{"line":14,"column":106},"end":{"line":14,"column":122}},"line":14},"4":{"name":"(anonymous_4)","decl":{"start":{"line":22,"column":35},"end":{"line":22,"column":36}},"loc":{"start":{"line":22,"column":39},"end":{"line":24,"column":13}},"line":22},"5":{"name":"(anonymous_5)","decl":{"start":{"line":31,"column":12},"end":{"line":31,"column":13}},"loc":{"start":{"line":31,"column":20},"end":{"line":31,"column":57}},"line":31},"6":{"name":"(anonymous_6)","decl":{"start":{"line":31,"column":63},"end":{"line":31,"column":64}},"loc":{"start":{"line":31,"column":76},"end":{"line":35,"column":9}},"line":31},"7":{"name":"getActionsLogs","decl":{"start":{"line":37,"column":9},"end":{"line":37,"column":23}},"loc":{"start":{"line":37,"column":77},"end":{"line":65,"column":1}},"line":37},"8":{"name":"(anonymous_8)","decl":{"start":{"line":38,"column":30},"end":{"line":38,"column":31}},"loc":{"start":{"line":38,"column":34},"end":{"line":64,"column":5}},"line":38},"9":{"name":"(anonymous_9)","decl":{"start":{"line":62,"column":35},"end":{"line":62,"column":36}},"loc":{"start":{"line":62,"column":39},"end":{"line":62,"column":66}},"line":62}},"branchMap":{"0":{"loc":{"start":{"line":13,"column":24},"end":{"line":13,"column":82}},"type":"cond-expr","locations":[{"start":{"line":13,"column":44},"end":{"line":13,"column":57}},{"start":{"line":13,"column":60},"end":{"line":13,"column":82}}],"line":13},"1":{"loc":{"start":{"line":14,"column":27},"end":{"line":14,"column":123}},"type":"cond-expr","locations":[{"start":{"line":14,"column":70},"end":{"line":14,"column":76}},{"start":{"line":14,"column":79},"end":{"line":14,"column":123}}],"line":14},"2":{"loc":{"start":{"line":14,"column":27},"end":{"line":14,"column":67}},"type":"binary-expr","locations":[{"start":{"line":14,"column":27},"end":{"line":14,"column":44}},{"start":{"line":14,"column":48},"end":{"line":14,"column":67}}],"line":14},"3":{"loc":{"start":{"line":15,"column":8},"end":{"line":26,"column":9}},"type":"if","locations":[{"start":{"line":15,"column":8},"end":{"line":26,"column":9}},{"start":{"line":15,"column":8},"end":{"line":26,"column":9}}],"line":15},"4":{"loc":{"start":{"line":16,"column":12},"end":{"line":18,"column":13}},"type":"if","locations":[{"start":{"line":16,"column":12},"end":{"line":18,"column":13}},{"start":{"line":16,"column":12},"end":{"line":18,"column":13}}],"line":16},"5":{"loc":{"start":{"line":16,"column":16},"end":{"line":16,"column":88}},"type":"binary-expr","locations":[{"start":{"line":16,"column":16},"end":{"line":16,"column":27}},{"start":{"line":16,"column":31},"end":{"line":16,"column":60}},{"start":{"line":16,"column":64},"end":{"line":16,"column":88}}],"line":16},"6":{"loc":{"start":{"line":32,"column":18},"end":{"line":32,"column":76}},"type":"cond-expr","locations":[{"start":{"line":32,"column":38},"end":{"line":32,"column":51}},{"start":{"line":32,"column":54},"end":{"line":32,"column":76}}],"line":32},"7":{"loc":{"start":{"line":45,"column":33},"end":{"line":45,"column":150}},"type":"cond-expr","locations":[{"start":{"line":45,"column":45},"end":{"line":45,"column":53}},{"start":{"line":45,"column":56},"end":{"line":45,"column":150}}],"line":45},"8":{"loc":{"start":{"line":45,"column":56},"end":{"line":45,"column":150}},"type":"binary-expr","locations":[{"start":{"line":45,"column":57},"end":{"line":45,"column":136}},{"start":{"line":45,"column":141},"end":{"line":45,"column":150}}],"line":45},"9":{"loc":{"start":{"line":45,"column":57},"end":{"line":45,"column":136}},"type":"cond-expr","locations":[{"start":{"line":45,"column":119},"end":{"line":45,"column":125}},{"start":{"line":45,"column":128},"end":{"line":45,"column":136}}],"line":45},"10":{"loc":{"start":{"line":45,"column":57},"end":{"line":45,"column":116}},"type":"binary-expr","locations":[{"start":{"line":45,"column":57},"end":{"line":45,"column":98}},{"start":{"line":45,"column":102},"end":{"line":45,"column":116}}],"line":45},"11":{"loc":{"start":{"line":61,"column":8},"end":{"line":63,"column":9}},"type":"if","locations":[{"start":{"line":61,"column":8},"end":{"line":63,"column":9}},{"start":{"line":61,"column":8},"end":{"line":63,"column":9}}],"line":61},"12":{"loc":{"start":{"line":61,"column":12},"end":{"line":61,"column":90}},"type":"binary-expr","locations":[{"start":{"line":61,"column":12},"end":{"line":61,"column":32}},{"start":{"line":61,"column":36},"end":{"line":61,"column":90}}],"line":61}},"s":{"0":1,"1":1,"2":1,"3":1,"4":1,"5":22,"6":22,"7":22,"8":20,"9":22,"10":12,"11":10,"12":2,"13":2,"14":2,"15":10,"16":2,"17":10,"18":1,"19":11,"20":11,"21":11,"22":11,"23":11,"24":11,"25":4,"26":4},"f":{"0":1,"1":22,"2":22,"3":20,"4":2,"5":2,"6":10,"7":1,"8":11,"9":4},"b":{"0":[22,0],"1":[4,18],"2":[22,22],"3":[12,10],"4":[10,2],"5":[12,3,3],"6":[10,0],"7":[0,11],"8":[11,3],"9":[0,11],"10":[11,11],"11":[4,7],"12":[11,8]},"_coverageSchema":"1a1c01bbd47fc00a2c39e90264f33305004495a9","hash":"57c3968540627349814553e68448fba199d38c73","contentHash":"9dedc711b70fd5e4e27126917312dc6f788ec9ce9e33f53cb98b12d56fcdca1f"}
,"/home/dmitry-kazakov/projects/dk/react-mobx-globals/src/getPlainActions.ts": {"path":"/home/dmitry-kazakov/projects/dk/react-mobx-globals/src/getPlainActions.ts","statementMap":{"0":{"start":{"line":2,"column":0},"end":{"line":4,"column":3}},"1":{"start":{"line":5,"column":0},"end":{"line":8,"column":3}},"2":{"start":{"line":7,"column":13},"end":{"line":7,"column":28}},"3":{"start":{"line":9,"column":24},"end":{"line":9,"column":59}},"4":{"start":{"line":11,"column":4},"end":{"line":11,"column":178}},"5":{"start":{"line":11,"column":53},"end":{"line":11,"column":161}}},"fnMap":{"0":{"name":"(anonymous_0)","decl":{"start":{"line":7,"column":9},"end":{"line":7,"column":10}},"loc":{"start":{"line":7,"column":13},"end":{"line":7,"column":28}},"line":7},"1":{"name":"getPlainActions","decl":{"start":{"line":10,"column":9},"end":{"line":10,"column":24}},"loc":{"start":{"line":10,"column":34},"end":{"line":12,"column":1}},"line":10},"2":{"name":"(anonymous_2)","decl":{"start":{"line":11,"column":38},"end":{"line":11,"column":39}},"loc":{"start":{"line":11,"column":53},"end":{"line":11,"column":161}},"line":11}},"branchMap":{"0":{"loc":{"start":{"line":11,"column":53},"end":{"line":11,"column":161}},"type":"cond-expr","locations":[{"start":{"line":11,"column":104},"end":{"line":11,"column":132}},{"start":{"line":11,"column":135},"end":{"line":11,"column":161}}],"line":11}},"s":{"0":1,"1":1,"2":11,"3":1,"4":22,"5":33},"f":{"0":11,"1":22,"2":33},"b":{"0":[11,22]},"_coverageSchema":"1a1c01bbd47fc00a2c39e90264f33305004495a9","hash":"1360eff13d571e7e5ac785ed39d04c6af6a1fb7a","contentHash":"8660a955aeeb0e5cb2ae35093022a9e6fe42bfd4005c6d02095f46f2608b680d"}
,"/home/dmitry-kazakov/projects/dk/react-mobx-globals/src/actions/afterExecution.ts": {"path":"/home/dmitry-kazakov/projects/dk/react-mobx-globals/src/actions/afterExecution.ts","statementMap":{"0":{"start":{"line":2,"column":0},"end":{"line":4,"column":3}},"1":{"start":{"line":5,"column":0},"end":{"line":8,"column":3}},"2":{"start":{"line":7,"column":13},"end":{"line":7,"column":27}},"3":{"start":{"line":9,"column":14},"end":{"line":9,"column":29}},"4":{"start":{"line":10,"column":24},"end":{"line":10,"column":51}},"5":{"start":{"line":11,"column":33},"end":{"line":11,"column":69}},"6":{"start":{"line":12,"column":23},"end":{"line":23,"column":2}},"7":{"start":{"line":13,"column":4},"end":{"line":13,"column":33}},"8":{"start":{"line":14,"column":4},"end":{"line":14,"column":101}},"9":{"start":{"line":15,"column":4},"end":{"line":15,"column":27}},"10":{"start":{"line":16,"column":4},"end":{"line":21,"column":5}},"11":{"start":{"line":17,"column":8},"end":{"line":17,"column":37}},"12":{"start":{"line":18,"column":22},"end":{"line":18,"column":40}},"13":{"start":{"line":19,"column":8},"end":{"line":19,"column":70}},"14":{"start":{"line":20,"column":8},"end":{"line":20,"column":20}},"15":{"start":{"line":22,"column":4},"end":{"line":22,"column":16}}},"fnMap":{"0":{"name":"(anonymous_0)","decl":{"start":{"line":7,"column":9},"end":{"line":7,"column":10}},"loc":{"start":{"line":7,"column":13},"end":{"line":7,"column":27}},"line":7},"1":{"name":"(anonymous_1)","decl":{"start":{"line":12,"column":41},"end":{"line":12,"column":42}},"loc":{"start":{"line":12,"column":53},"end":{"line":23,"column":1}},"line":12}},"branchMap":{"0":{"loc":{"start":{"line":16,"column":4},"end":{"line":21,"column":5}},"type":"if","locations":[{"start":{"line":16,"column":4},"end":{"line":21,"column":5}},{"start":{"line":16,"column":4},"end":{"line":21,"column":5}}],"line":16}},"s":{"0":1,"1":1,"2":6,"3":1,"4":1,"5":1,"6":1,"7":4,"8":4,"9":4,"10":4,"11":0,"12":0,"13":0,"14":0,"15":4},"f":{"0":6,"1":4},"b":{"0":[0,4]},"_coverageSchema":"1a1c01bbd47fc00a2c39e90264f33305004495a9","hash":"93df5763283b0be023f50676ec75892a9902a259","contentHash":"41439734a2e80e88f08065e537a68ab71828c308c1c0a09ec5a9448be98c551e"}
,"/home/dmitry-kazakov/projects/dk/react-mobx-globals/src/actions/beforeExecution.ts": {"path":"/home/dmitry-kazakov/projects/dk/react-mobx-globals/src/actions/beforeExecution.ts","statementMap":{"0":{"start":{"line":2,"column":0},"end":{"line":4,"column":3}},"1":{"start":{"line":5,"column":0},"end":{"line":8,"column":3}},"2":{"start":{"line":7,"column":13},"end":{"line":7,"column":28}},"3":{"start":{"line":9,"column":14},"end":{"line":9,"column":29}},"4":{"start":{"line":10,"column":24},"end":{"line":10,"column":51}},"5":{"start":{"line":11,"column":24},"end":{"line":17,"column":2}},"6":{"start":{"line":12,"column":4},"end":{"line":12,"column":31}},"7":{"start":{"line":13,"column":4},"end":{"line":13,"column":32}},"8":{"start":{"line":14,"column":4},"end":{"line":14,"column":63}},"9":{"start":{"line":15,"column":4},"end":{"line":15,"column":31}},"10":{"start":{"line":16,"column":4},"end":{"line":16,"column":35}}},"fnMap":{"0":{"name":"(anonymous_0)","decl":{"start":{"line":7,"column":9},"end":{"line":7,"column":10}},"loc":{"start":{"line":7,"column":13},"end":{"line":7,"column":28}},"line":7},"1":{"name":"(anonymous_1)","decl":{"start":{"line":11,"column":42},"end":{"line":11,"column":43}},"loc":{"start":{"line":11,"column":48},"end":{"line":17,"column":1}},"line":11}},"branchMap":{},"s":{"0":1,"1":1,"2":6,"3":1,"4":1,"5":1,"6":4,"7":4,"8":4,"9":4,"10":4},"f":{"0":6,"1":4},"b":{},"_coverageSchema":"1a1c01bbd47fc00a2c39e90264f33305004495a9","hash":"10029675d9bd971e0370d1c00ba9427171675da2","contentHash":"93eef16f037dba1171ec7851de6e35965e22d3ce4a5814d9172bb49e880558b7"}
,"/home/dmitry-kazakov/projects/dk/react-mobx-globals/src/actions/defaultActionData.ts": {"path":"/home/dmitry-kazakov/projects/dk/react-mobx-globals/src/actions/defaultActionData.ts","statementMap":{"0":{"start":{"line":2,"column":0},"end":{"line":4,"column":3}},"1":{"start":{"line":5,"column":0},"end":{"line":8,"column":3}},"2":{"start":{"line":7,"column":13},"end":{"line":7,"column":30}},"3":{"start":{"line":9,"column":26},"end":{"line":15,"column":1}}},"fnMap":{"0":{"name":"(anonymous_0)","decl":{"start":{"line":7,"column":9},"end":{"line":7,"column":10}},"loc":{"start":{"line":7,"column":13},"end":{"line":7,"column":30}},"line":7}},"branchMap":{},"s":{"0":1,"1":1,"2":6,"3":1},"f":{"0":6},"b":{},"_coverageSchema":"1a1c01bbd47fc00a2c39e90264f33305004495a9","hash":"1c03968cfee848cb3a5ed6d1ca0d732e2ff5f90a","contentHash":"14c2cc4b7e572ca88b6bf0fb6ee15dc1c16d7aaf2d9e702c97e4c7270be918b0"}
,"/home/dmitry-kazakov/projects/dk/react-mobx-globals/src/actions/errorActionCanceledName.ts": {"path":"/home/dmitry-kazakov/projects/dk/react-mobx-globals/src/actions/errorActionCanceledName.ts","statementMap":{"0":{"start":{"line":2,"column":0},"end":{"line":4,"column":3}},"1":{"start":{"line":5,"column":0},"end":{"line":8,"column":3}},"2":{"start":{"line":7,"column":13},"end":{"line":7,"column":36}},"3":{"start":{"line":9,"column":32},"end":{"line":9,"column":49}}},"fnMap":{"0":{"name":"(anonymous_0)","decl":{"start":{"line":7,"column":9},"end":{"line":7,"column":10}},"loc":{"start":{"line":7,"column":13},"end":{"line":7,"column":36}},"line":7}},"branchMap":{},"s":{"0":1,"1":1,"2":0,"3":1},"f":{"0":0},"b":{},"_coverageSchema":"1a1c01bbd47fc00a2c39e90264f33305004495a9","hash":"dd6efea22b96a70fff48d8a80ab9b3a94f276967","contentHash":"aa1187fc26921ba90039b8daef955f8cb9b2b63a476ed4109e6b298232e90feb"}
,"/home/dmitry-kazakov/projects/dk/react-mobx-globals/src/actions/getCreateWrappedAction.ts": {"path":"/home/dmitry-kazakov/projects/dk/react-mobx-globals/src/actions/getCreateWrappedAction.ts","statementMap":{"0":{"start":{"line":2,"column":0},"end":{"line":4,"column":3}},"1":{"start":{"line":5,"column":0},"end":{"line":8,"column":3}},"2":{"start":{"line":7,"column":13},"end":{"line":7,"column":35}},"3":{"start":{"line":9,"column":20},"end":{"line":9,"column":43}},"4":{"start":{"line":10,"column":33},"end":{"line":10,"column":69}},"5":{"start":{"line":12,"column":4},"end":{"line":20,"column":7}},"6":{"start":{"line":16,"column":12},"end":{"line":18,"column":13}},"7":{"start":{"line":17,"column":16},"end":{"line":17,"column":76}}},"fnMap":{"0":{"name":"(anonymous_0)","decl":{"start":{"line":7,"column":9},"end":{"line":7,"column":10}},"loc":{"start":{"line":7,"column":13},"end":{"line":7,"column":35}},"line":7},"1":{"name":"getCreateWrappedAction","decl":{"start":{"line":11,"column":9},"end":{"line":11,"column":31}},"loc":{"start":{"line":11,"column":45},"end":{"line":21,"column":1}},"line":11},"2":{"name":"(anonymous_2)","decl":{"start":{"line":15,"column":17},"end":{"line":15,"column":18}},"loc":{"start":{"line":15,"column":26},"end":{"line":19,"column":9}},"line":15}},"branchMap":{"0":{"loc":{"start":{"line":16,"column":12},"end":{"line":18,"column":13}},"type":"if","locations":[{"start":{"line":16,"column":12},"end":{"line":18,"column":13}},{"start":{"line":16,"column":12},"end":{"line":18,"column":13}}],"line":16}},"s":{"0":1,"1":1,"2":3,"3":1,"4":1,"5":6,"6":0,"7":0},"f":{"0":3,"1":6,"2":0},"b":{"0":[0,0]},"_coverageSchema":"1a1c01bbd47fc00a2c39e90264f33305004495a9","hash":"b2abb00b9061855b6b3cd190f1f9977044f7c3d8","contentHash":"f0c61610cd63e9818f5c93392cf37e7b1e4f1e45ace6a13a3a6dc331b27b71dc"}
,"/home/dmitry-kazakov/projects/dk/react-mobx-globals/src/actions/getCreateWrappedApi.tsx": {"path":"/home/dmitry-kazakov/projects/dk/react-mobx-globals/src/actions/getCreateWrappedApi.tsx","statementMap":{"0":{"start":{"line":2,"column":0},"end":{"line":4,"column":3}},"1":{"start":{"line":5,"column":0},"end":{"line":8,"column":3}},"2":{"start":{"line":7,"column":13},"end":{"line":7,"column":32}},"3":{"start":{"line":9,"column":20},"end":{"line":9,"column":43}},"4":{"start":{"line":10,"column":33},"end":{"line":10,"column":69}},"5":{"start":{"line":12,"column":4},"end":{"line":21,"column":5}},"6":{"start":{"line":13,"column":8},"end":{"line":18,"column":11}},"7":{"start":{"line":20,"column":8},"end":{"line":20,"column":25}},"8":{"start":{"line":22,"column":4},"end":{"line":22,"column":15}},"9":{"start":{"line":25,"column":4},"end":{"line":36,"column":5}},"10":{"start":{"line":25,"column":16},"end":{"line":25,"column":17}},"11":{"start":{"line":26,"column":21},"end":{"line":26,"column":61}},"12":{"start":{"line":27,"column":22},"end":{"line":27,"column":41}},"13":{"start":{"line":28,"column":8},"end":{"line":32,"column":9}},"14":{"start":{"line":29,"column":12},"end":{"line":31,"column":16}},"15":{"start":{"line":30,"column":16},"end":{"line":30,"column":79}},"16":{"start":{"line":33,"column":8},"end":{"line":35,"column":11}},"17":{"start":{"line":34,"column":12},"end":{"line":34,"column":54}},"18":{"start":{"line":37,"column":4},"end":{"line":37,"column":18}},"19":{"start":{"line":40,"column":15},"end":{"line":40,"column":34}},"20":{"start":{"line":41,"column":4},"end":{"line":49,"column":5}},"21":{"start":{"line":42,"column":22},"end":{"line":42,"column":58}},"22":{"start":{"line":43,"column":8},"end":{"line":47,"column":9}},"23":{"start":{"line":44,"column":12},"end":{"line":46,"column":15}},"24":{"start":{"line":45,"column":16},"end":{"line":45,"column":79}},"25":{"start":{"line":48,"column":8},"end":{"line":48,"column":39}},"26":{"start":{"line":50,"column":4},"end":{"line":50,"column":16}},"27":{"start":{"line":53,"column":4},"end":{"line":53,"column":42}},"28":{"start":{"line":54,"column":4},"end":{"line":60,"column":5}},"29":{"start":{"line":55,"column":8},"end":{"line":55,"column":82}},"30":{"start":{"line":57,"column":8},"end":{"line":59,"column":11}},"31":{"start":{"line":58,"column":12},"end":{"line":58,"column":93}},"32":{"start":{"line":61,"column":4},"end":{"line":61,"column":18}},"33":{"start":{"line":64,"column":4},"end":{"line":64,"column":34}},"34":{"start":{"line":64,"column":24},"end":{"line":64,"column":34}},"35":{"start":{"line":65,"column":17},"end":{"line":65,"column":64}},"36":{"start":{"line":67,"column":4},"end":{"line":75,"column":5}},"37":{"start":{"line":68,"column":31},"end":{"line":68,"column":67}},"38":{"start":{"line":69,"column":8},"end":{"line":74,"column":9}},"39":{"start":{"line":70,"column":12},"end":{"line":70,"column":38}},"40":{"start":{"line":71,"column":12},"end":{"line":71,"column":53}},"41":{"start":{"line":71,"column":44},"end":{"line":71,"column":53}},"42":{"start":{"line":72,"column":12},"end":{"line":72,"column":83}},"43":{"start":{"line":72,"column":74},"end":{"line":72,"column":83}},"44":{"start":{"line":73,"column":12},"end":{"line":73,"column":38}},"45":{"start":{"line":76,"column":4},"end":{"line":76,"column":18}},"46":{"start":{"line":79,"column":4},"end":{"line":79,"column":34}},"47":{"start":{"line":79,"column":24},"end":{"line":79,"column":34}},"48":{"start":{"line":80,"column":17},"end":{"line":80,"column":19}},"49":{"start":{"line":81,"column":21},"end":{"line":81,"column":40}},"50":{"start":{"line":83,"column":4},"end":{"line":87,"column":5}},"51":{"start":{"line":84,"column":8},"end":{"line":84,"column":28}},"52":{"start":{"line":85,"column":8},"end":{"line":85,"column":49}},"53":{"start":{"line":85,"column":40},"end":{"line":85,"column":49}},"54":{"start":{"line":86,"column":8},"end":{"line":86,"column":34}},"55":{"start":{"line":88,"column":4},"end":{"line":88,"column":18}},"56":{"start":{"line":91,"column":23},"end":{"line":91,"column":29}},"57":{"start":{"line":91,"column":46},"end":{"line":93,"column":6}},"58":{"start":{"line":94,"column":19},"end":{"line":106,"column":6}},"59":{"start":{"line":95,"column":34},"end":{"line":98,"column":24}},"60":{"start":{"line":101,"column":12},"end":{"line":104,"column":13}},"61":{"start":{"line":103,"column":16},"end":{"line":103,"column":188}},"62":{"start":{"line":107,"column":4},"end":{"line":107,"column":18}}},"fnMap":{"0":{"name":"(anonymous_0)","decl":{"start":{"line":7,"column":9},"end":{"line":7,"column":10}},"loc":{"start":{"line":7,"column":13},"end":{"line":7,"column":32}},"line":7},"1":{"name":"_defineProperty","decl":{"start":{"line":11,"column":9},"end":{"line":11,"column":24}},"loc":{"start":{"line":11,"column":42},"end":{"line":23,"column":1}},"line":11},"2":{"name":"_objectSpread","decl":{"start":{"line":24,"column":9},"end":{"line":24,"column":22}},"loc":{"start":{"line":24,"column":31},"end":{"line":38,"column":1}},"line":24},"3":{"name":"(anonymous_3)","decl":{"start":{"line":29,"column":81},"end":{"line":29,"column":82}},"loc":{"start":{"line":29,"column":95},"end":{"line":31,"column":13}},"line":29},"4":{"name":"(anonymous_4)","decl":{"start":{"line":33,"column":24},"end":{"line":33,"column":25}},"loc":{"start":{"line":33,"column":38},"end":{"line":35,"column":9}},"line":33},"5":{"name":"ownKeys","decl":{"start":{"line":39,"column":9},"end":{"line":39,"column":16}},"loc":{"start":{"line":39,"column":41},"end":{"line":51,"column":1}},"line":39},"6":{"name":"(anonymous_6)","decl":{"start":{"line":44,"column":37},"end":{"line":44,"column":38}},"loc":{"start":{"line":44,"column":51},"end":{"line":46,"column":13}},"line":44},"7":{"name":"_objectSpreadProps","decl":{"start":{"line":52,"column":9},"end":{"line":52,"column":27}},"loc":{"start":{"line":52,"column":44},"end":{"line":62,"column":1}},"line":52},"8":{"name":"(anonymous_8)","decl":{"start":{"line":57,"column":40},"end":{"line":57,"column":41}},"loc":{"start":{"line":57,"column":54},"end":{"line":59,"column":9}},"line":57},"9":{"name":"_objectWithoutProperties","decl":{"start":{"line":63,"column":9},"end":{"line":63,"column":33}},"loc":{"start":{"line":63,"column":52},"end":{"line":77,"column":1}},"line":63},"10":{"name":"_objectWithoutPropertiesLoose","decl":{"start":{"line":78,"column":9},"end":{"line":78,"column":38}},"loc":{"start":{"line":78,"column":57},"end":{"line":89,"column":1}},"line":78},"11":{"name":"getCreateWrappedApi","decl":{"start":{"line":90,"column":9},"end":{"line":90,"column":28}},"loc":{"start":{"line":90,"column":46},"end":{"line":108,"column":1}},"line":90},"12":{"name":"(anonymous_12)","decl":{"start":{"line":95,"column":12},"end":{"line":95,"column":13}},"loc":{"start":{"line":95,"column":34},"end":{"line":98,"column":24}},"line":95},"13":{"name":"(anonymous_13)","decl":{"start":{"line":100,"column":17},"end":{"line":100,"column":18}},"loc":{"start":{"line":100,"column":26},"end":{"line":105,"column":9}},"line":100}},"branchMap":{"0":{"loc":{"start":{"line":12,"column":4},"end":{"line":21,"column":5}},"type":"if","locations":[{"start":{"line":12,"column":4},"end":{"line":21,"column":5}},{"start":{"line":12,"column":4},"end":{"line":21,"column":5}}],"line":12},"1":{"loc":{"start":{"line":26,"column":21},"end":{"line":26,"column":61}},"type":"cond-expr","locations":[{"start":{"line":26,"column":44},"end":{"line":26,"column":56}},{"start":{"line":26,"column":59},"end":{"line":26,"column":61}}],"line":26},"2":{"loc":{"start":{"line":28,"column":8},"end":{"line":32,"column":9}},"type":"if","locations":[{"start":{"line":28,"column":8},"end":{"line":32,"column":9}},{"start":{"line":28,"column":8},"end":{"line":32,"column":9}}],"line":28},"3":{"loc":{"start":{"line":41,"column":4},"end":{"line":49,"column":5}},"type":"if","locations":[{"start":{"line":41,"column":4},"end":{"line":49,"column":5}},{"start":{"line":41,"column":4},"end":{"line":49,"column":5}}],"line":41},"4":{"loc":{"start":{"line":43,"column":8},"end":{"line":47,"column":9}},"type":"if","locations":[{"start":{"line":43,"column":8},"end":{"line":47,"column":9}},{"start":{"line":43,"column":8},"end":{"line":47,"column":9}}],"line":43},"5":{"loc":{"start":{"line":53,"column":13},"end":{"line":53,"column":41}},"type":"cond-expr","locations":[{"start":{"line":53,"column":30},"end":{"line":53,"column":36}},{"start":{"line":53,"column":39},"end":{"line":53,"column":41}}],"line":53},"6":{"loc":{"start":{"line":54,"column":4},"end":{"line":60,"column":5}},"type":"if","locations":[{"start":{"line":54,"column":4},"end":{"line":60,"column":5}},{"start":{"line":54,"column":4},"end":{"line":60,"column":5}}],"line":54},"7":{"loc":{"start":{"line":64,"column":4},"end":{"line":64,"column":34}},"type":"if","locations":[{"start":{"line":64,"column":4},"end":{"line":64,"column":34}},{"start":{"line":64,"column":4},"end":{"line":64,"column":34}}],"line":64},"8":{"loc":{"start":{"line":67,"column":4},"end":{"line":75,"column":5}},"type":"if","locations":[{"start":{"line":67,"column":4},"end":{"line":75,"column":5}},{"start":{"line":67,"column":4},"end":{"line":75,"column":5}}],"line":67},"9":{"loc":{"start":{"line":71,"column":12},"end":{"line":71,"column":53}},"type":"if","locations":[{"start":{"line":71,"column":12},"end":{"line":71,"column":53}},{"start":{"line":71,"column":12},"end":{"line":71,"column":53}}],"line":71},"10":{"loc":{"start":{"line":72,"column":12},"end":{"line":72,"column":83}},"type":"if","locations":[{"start":{"line":72,"column":12},"end":{"line":72,"column":83}},{"start":{"line":72,"column":12},"end":{"line":72,"column":83}}],"line":72},"11":{"loc":{"start":{"line":79,"column":4},"end":{"line":79,"column":34}},"type":"if","locations":[{"start":{"line":79,"column":4},"end":{"line":79,"column":34}},{"start":{"line":79,"column":4},"end":{"line":79,"column":34}}],"line":79},"12":{"loc":{"start":{"line":85,"column":8},"end":{"line":85,"column":49}},"type":"if","locations":[{"start":{"line":85,"column":8},"end":{"line":85,"column":49}},{"start":{"line":85,"column":8},"end":{"line":85,"column":49}}],"line":85},"13":{"loc":{"start":{"line":95,"column":13},"end":{"line":95,"column":31}},"type":"default-arg","locations":[{"start":{"line":95,"column":29},"end":{"line":95,"column":31}}],"line":95},"14":{"loc":{"start":{"line":101,"column":12},"end":{"line":104,"column":13}},"type":"if","locations":[{"start":{"line":101,"column":12},"end":{"line":104,"column":13}},{"start":{"line":101,"column":12},"end":{"line":104,"column":13}}],"line":101},"15":{"loc":{"start":{"line":103,"column":108},"end":{"line":103,"column":185}},"type":"binary-expr","locations":[{"start":{"line":103,"column":109},"end":{"line":103,"column":178}},{"start":{"line":103,"column":183},"end":{"line":103,"column":185}}],"line":103},"16":{"loc":{"start":{"line":103,"column":109},"end":{"line":103,"column":178}},"type":"cond-expr","locations":[{"start":{"line":103,"column":161},"end":{"line":103,"column":167}},{"start":{"line":103,"column":170},"end":{"line":103,"column":178}}],"line":103},"17":{"loc":{"start":{"line":103,"column":109},"end":{"line":103,"column":158}},"type":"binary-expr","locations":[{"start":{"line":103,"column":109},"end":{"line":103,"column":140}},{"start":{"line":103,"column":144},"end":{"line":103,"column":158}}],"line":103}},"s":{"0":1,"1":1,"2":0,"3":1,"4":1,"5":0,"6":0,"7":0,"8":0,"9":0,"10":0,"11":0,"12":0,"13":0,"14":0,"15":0,"16":0,"17":0,"18":0,"19":0,"20":0,"21":0,"22":0,"23":0,"24":0,"25":0,"26":0,"27":0,"28":0,"29":0,"30":0,"31":0,"32":0,"33":0,"34":0,"35":0,"36":0,"37":0,"38":0,"39":0,"40":0,"41":0,"42":0,"43":0,"44":0,"45":0,"46":0,"47":0,"48":0,"49":0,"50":0,"51":0,"52":0,"53":0,"54":0,"55":0,"56":0,"57":0,"58":0,"59":0,"60":0,"61":0,"62":0},"f":{"0":0,"1":0,"2":0,"3":0,"4":0,"5":0,"6":0,"7":0,"8":0,"9":0,"10":0,"11":0,"12":0,"13":0},"b":{"0":[0,0],"1":[0,0],"2":[0,0],"3":[0,0],"4":[0,0],"5":[0,0],"6":[0,0],"7":[0,0],"8":[0,0],"9":[0,0],"10":[0,0],"11":[0,0],"12":[0,0],"13":[0],"14":[0,0],"15":[0,0],"16":[0,0],"17":[0,0]},"_coverageSchema":"1a1c01bbd47fc00a2c39e90264f33305004495a9","hash":"c83b0f45c29bdbb9c1efb75888fcf512aa16d68e","contentHash":"7c0056adcf52504f67579055ff83b559e1158edcf3d9e496f892ddaeb29422a5"}
,"/home/dmitry-kazakov/projects/dk/react-mobx-globals/src/actions/getCurrentTime.ts": {"path":"/home/dmitry-kazakov/projects/dk/react-mobx-globals/src/actions/getCurrentTime.ts","statementMap":{"0":{"start":{"line":2,"column":0},"end":{"line":4,"column":3}},"1":{"start":{"line":5,"column":0},"end":{"line":8,"column":3}},"2":{"start":{"line":7,"column":13},"end":{"line":7,"column":27}},"3":{"start":{"line":9,"column":23},"end":{"line":9,"column":30}},"4":{"start":{"line":10,"column":25},"end":{"line":10,"column":26}},"5":{"start":{"line":11,"column":23},"end":{"line":13,"column":1}},"6":{"start":{"line":12,"column":4},"end":{"line":12,"column":146}}},"fnMap":{"0":{"name":"(anonymous_0)","decl":{"start":{"line":7,"column":9},"end":{"line":7,"column":10}},"loc":{"start":{"line":7,"column":13},"end":{"line":7,"column":27}},"line":7},"1":{"name":"(anonymous_1)","decl":{"start":{"line":11,"column":23},"end":{"line":11,"column":24}},"loc":{"start":{"line":11,"column":27},"end":{"line":13,"column":1}},"line":11}},"branchMap":{"0":{"loc":{"start":{"line":12,"column":11},"end":{"line":12,"column":145}},"type":"cond-expr","locations":[{"start":{"line":12,"column":41},"end":{"line":12,"column":58}},{"start":{"line":12,"column":61},"end":{"line":12,"column":145}}],"line":12}},"s":{"0":1,"1":1,"2":8,"3":1,"4":1,"5":1,"6":8},"f":{"0":8,"1":8},"b":{"0":[8,0]},"_coverageSchema":"1a1c01bbd47fc00a2c39e90264f33305004495a9","hash":"506e188a4ac989587632cc2cbe4dee7c0a6d148e","contentHash":"9efc23d5c43516164e3dd8bbefaa4f38c6c3b856104403c531dba68247e03ab7"}
,"/home/dmitry-kazakov/projects/dk/react-mobx-globals/src/actions/isModularGroup.ts": {"path":"/home/dmitry-kazakov/projects/dk/react-mobx-globals/src/actions/isModularGroup.ts","statementMap":{"0":{"start":{"line":2,"column":0},"end":{"line":4,"column":3}},"1":{"start":{"line":5,"column":0},"end":{"line":8,"column":3}},"2":{"start":{"line":7,"column":13},"end":{"line":7,"column":27}},"3":{"start":{"line":10,"column":4},"end":{"line":10,"column":95}},"4":{"start":{"line":10,"column":56},"end":{"line":10,"column":93}}},"fnMap":{"0":{"name":"(anonymous_0)","decl":{"start":{"line":7,"column":9},"end":{"line":7,"column":10}},"loc":{"start":{"line":7,"column":13},"end":{"line":7,"column":27}},"line":7},"1":{"name":"isModularGroup","decl":{"start":{"line":9,"column":9},"end":{"line":9,"column":23}},"loc":{"start":{"line":9,"column":31},"end":{"line":11,"column":1}},"line":9},"2":{"name":"(anonymous_2)","decl":{"start":{"line":10,"column":37},"end":{"line":10,"column":38}},"loc":{"start":{"line":10,"column":56},"end":{"line":10,"column":93}},"line":10}},"branchMap":{},"s":{"0":1,"1":1,"2":33,"3":33,"4":33},"f":{"0":33,"1":33,"2":33},"b":{},"_coverageSchema":"1a1c01bbd47fc00a2c39e90264f33305004495a9","hash":"e5b4cfda2b57675d0b85886fc6942bf9ff80c2fd","contentHash":"d6ab405c62a6dd33f782c06a489fa6d6d70b92f2b30c57c33c449ef29eaefadc"}
,"/home/dmitry-kazakov/projects/dk/react-mobx-globals/src/actions/wrapAction.ts": {"path":"/home/dmitry-kazakov/projects/dk/react-mobx-globals/src/actions/wrapAction.ts","statementMap":{"0":{"start":{"line":2,"column":0},"end":{"line":4,"column":3}},"1":{"start":{"line":5,"column":0},"end":{"line":8,"column":3}},"2":{"start":{"line":7,"column":13},"end":{"line":7,"column":23}},"3":{"start":{"line":9,"column":14},"end":{"line":9,"column":29}},"4":{"start":{"line":10,"column":24},"end":{"line":10,"column":51}},"5":{"start":{"line":11,"column":25},"end":{"line":11,"column":53}},"6":{"start":{"line":12,"column":27},"end":{"line":12,"column":57}},"7":{"start":{"line":13,"column":19},"end":{"line":44,"column":1}},"8":{"start":{"line":14,"column":21},"end":{"line":14,"column":49}},"9":{"start":{"line":15,"column":32},"end":{"line":15,"column":88}},"10":{"start":{"line":16,"column":33},"end":{"line":16,"column":91}},"11":{"start":{"line":18,"column":8},"end":{"line":36,"column":9}},"12":{"start":{"line":19,"column":12},"end":{"line":19,"column":35}},"13":{"start":{"line":20,"column":12},"end":{"line":27,"column":15}},"14":{"start":{"line":21,"column":16},"end":{"line":21,"column":42}},"15":{"start":{"line":22,"column":16},"end":{"line":25,"column":19}},"16":{"start":{"line":23,"column":20},"end":{"line":23,"column":62}},"17":{"start":{"line":24,"column":20},"end":{"line":24,"column":63}},"18":{"start":{"line":26,"column":16},"end":{"line":26,"column":45}},"19":{"start":{"line":29,"column":12},"end":{"line":29,"column":38}},"20":{"start":{"line":30,"column":12},"end":{"line":33,"column":15}},"21":{"start":{"line":31,"column":16},"end":{"line":31,"column":58}},"22":{"start":{"line":32,"column":16},"end":{"line":32,"column":59}},"23":{"start":{"line":34,"column":12},"end":{"line":34,"column":34}},"24":{"start":{"line":35,"column":12},"end":{"line":35,"column":41}},"25":{"start":{"line":38,"column":4},"end":{"line":38,"column":94}},"26":{"start":{"line":39,"column":4},"end":{"line":42,"column":7}},"27":{"start":{"line":43,"column":4},"end":{"line":43,"column":25}}},"fnMap":{"0":{"name":"(anonymous_0)","decl":{"start":{"line":7,"column":9},"end":{"line":7,"column":10}},"loc":{"start":{"line":7,"column":13},"end":{"line":7,"column":23}},"line":7},"1":{"name":"(anonymous_1)","decl":{"start":{"line":13,"column":19},"end":{"line":13,"column":20}},"loc":{"start":{"line":13,"column":29},"end":{"line":44,"column":1}},"line":13},"2":{"name":"wrappedAction","decl":{"start":{"line":17,"column":13},"end":{"line":17,"column":26}},"loc":{"start":{"line":17,"column":32},"end":{"line":37,"column":5}},"line":17},"3":{"name":"(anonymous_3)","decl":{"start":{"line":20,"column":65},"end":{"line":20,"column":66}},"loc":{"start":{"line":20,"column":74},"end":{"line":27,"column":13}},"line":20},"4":{"name":"(anonymous_4)","decl":{"start":{"line":22,"column":39},"end":{"line":22,"column":40}},"loc":{"start":{"line":22,"column":43},"end":{"line":25,"column":17}},"line":22},"5":{"name":"(anonymous_5)","decl":{"start":{"line":30,"column":35},"end":{"line":30,"column":36}},"loc":{"start":{"line":30,"column":39},"end":{"line":33,"column":13}},"line":30}},"branchMap":{},"s":{"0":1,"1":1,"2":6,"3":1,"4":1,"5":1,"6":1,"7":1,"8":6,"9":6,"10":6,"11":4,"12":4,"13":4,"14":0,"15":0,"16":0,"17":0,"18":0,"19":0,"20":0,"21":0,"22":0,"23":0,"24":0,"25":6,"26":6,"27":6},"f":{"0":6,"1":6,"2":4,"3":0,"4":0,"5":0},"b":{},"_coverageSchema":"1a1c01bbd47fc00a2c39e90264f33305004495a9","hash":"f25f158fb8aafc5e604993ec1c56d9f38a813b14","contentHash":"6c49a3226eb4fc7c35692884dd5e0715f2dba646ebe5a75e38dec6bbfb5afac6"}
,"/home/dmitry-kazakov/projects/dk/react-mobx-globals/src/utils/clearDynamic.ts": {"path":"/home/dmitry-kazakov/projects/dk/react-mobx-globals/src/utils/clearDynamic.ts","statementMap":{"0":{"start":{"line":2,"column":0},"end":{"line":4,"column":3}},"1":{"start":{"line":5,"column":0},"end":{"line":8,"column":3}},"2":{"start":{"line":7,"column":13},"end":{"line":7,"column":25}},"3":{"start":{"line":10,"column":4},"end":{"line":10,"column":34}}},"fnMap":{"0":{"name":"(anonymous_0)","decl":{"start":{"line":7,"column":9},"end":{"line":7,"column":10}},"loc":{"start":{"line":7,"column":13},"end":{"line":7,"column":25}},"line":7},"1":{"name":"clearDynamic","decl":{"start":{"line":9,"column":9},"end":{"line":9,"column":21}},"loc":{"start":{"line":9,"column":29},"end":{"line":11,"column":1}},"line":9}},"branchMap":{},"s":{"0":1,"1":1,"2":11,"3":11},"f":{"0":11,"1":11},"b":{},"_coverageSchema":"1a1c01bbd47fc00a2c39e90264f33305004495a9","hash":"915432139656fa1503f5f5b5c1519534bb6a3431","contentHash":"6da96a57a0e88d8cace905a1cfb433c6320d1654d3c87e42b0f63dc32fbe204d"}
,"/home/dmitry-kazakov/projects/dk/react-mobx-globals/src/utils/constants.ts": {"path":"/home/dmitry-kazakov/projects/dk/react-mobx-globals/src/utils/constants.ts","statementMap":{"0":{"start":{"line":2,"column":0},"end":{"line":4,"column":3}},"1":{"start":{"line":5,"column":0},"end":{"line":8,"column":3}},"2":{"start":{"line":7,"column":13},"end":{"line":7,"column":22}},"3":{"start":{"line":9,"column":18},"end":{"line":12,"column":1}}},"fnMap":{"0":{"name":"(anonymous_0)","decl":{"start":{"line":7,"column":9},"end":{"line":7,"column":10}},"loc":{"start":{"line":7,"column":13},"end":{"line":7,"column":22}},"line":7}},"branchMap":{},"s":{"0":1,"1":1,"2":105,"3":1},"f":{"0":105},"b":{},"_coverageSchema":"1a1c01bbd47fc00a2c39e90264f33305004495a9","hash":"80da594ca2442cf30ced4671725371732c0200bc","contentHash":"11f7718701ef6e6a50acbc53b9ac2d8c43ea331e17e5709f84d4f4fc84eeef4a"}
,"/home/dmitry-kazakov/projects/dk/react-mobx-globals/src/utils/escapeAllStrings.ts": {"path":"/home/dmitry-kazakov/projects/dk/react-mobx-globals/src/utils/escapeAllStrings.ts","statementMap":{"0":{"start":{"line":2,"column":0},"end":{"line":4,"column":3}},"1":{"start":{"line":5,"column":0},"end":{"line":8,"column":3}},"2":{"start":{"line":7,"column":13},"end":{"line":7,"column":29}},"3":{"start":{"line":9,"column":22},"end":{"line":9,"column":47}},"4":{"start":{"line":10,"column":20},"end":{"line":16,"column":1}},"5":{"start":{"line":17,"column":24},"end":{"line":17,"column":81}},"6":{"start":{"line":19,"column":4},"end":{"line":19,"column":108}},"7":{"start":{"line":19,"column":83},"end":{"line":19,"column":100}},"8":{"start":{"line":22,"column":4},"end":{"line":22,"column":57}}},"fnMap":{"0":{"name":"(anonymous_0)","decl":{"start":{"line":7,"column":9},"end":{"line":7,"column":10}},"loc":{"start":{"line":7,"column":13},"end":{"line":7,"column":29}},"line":7},"1":{"name":"escape","decl":{"start":{"line":18,"column":9},"end":{"line":18,"column":15}},"loc":{"start":{"line":18,"column":21},"end":{"line":20,"column":1}},"line":18},"2":{"name":"(anonymous_2)","decl":{"start":{"line":19,"column":75},"end":{"line":19,"column":76}},"loc":{"start":{"line":19,"column":83},"end":{"line":19,"column":100}},"line":19},"3":{"name":"escapeAllStrings","decl":{"start":{"line":21,"column":9},"end":{"line":21,"column":25}},"loc":{"start":{"line":21,"column":32},"end":{"line":23,"column":1}},"line":21}},"branchMap":{"0":{"loc":{"start":{"line":19,"column":11},"end":{"line":19,"column":107}},"type":"cond-expr","locations":[{"start":{"line":19,"column":46},"end":{"line":19,"column":101}},{"start":{"line":19,"column":104},"end":{"line":19,"column":107}}],"line":19},"1":{"loc":{"start":{"line":19,"column":11},"end":{"line":19,"column":43}},"type":"binary-expr","locations":[{"start":{"line":19,"column":11},"end":{"line":19,"column":14}},{"start":{"line":19,"column":18},"end":{"line":19,"column":43}}],"line":19}},"s":{"0":1,"1":1,"2":1,"3":1,"4":1,"5":1,"6":4,"7":5,"8":1},"f":{"0":1,"1":4,"2":5,"3":1},"b":{"0":[3,1],"1":[4,4]},"_coverageSchema":"1a1c01bbd47fc00a2c39e90264f33305004495a9","hash":"e7ba36296abd9235158219dd0a82570151619524","contentHash":"4a8c9500c083e00b095fd50701c5fa48c6c992799fd285b929f6943ca2123e19"}
,"/home/dmitry-kazakov/projects/dk/react-mobx-globals/src/utils/escapeHelper.ts": {"path":"/home/dmitry-kazakov/projects/dk/react-mobx-globals/src/utils/escapeHelper.ts","statementMap":{"0":{"start":{"line":2,"column":0},"end":{"line":4,"column":3}},"1":{"start":{"line":5,"column":0},"end":{"line":8,"column":3}},"2":{"start":{"line":7,"column":13},"end":{"line":7,"column":25}},"3":{"start":{"line":10,"column":4},"end":{"line":10,"column":50}},"4":{"start":{"line":10,"column":34},"end":{"line":10,"column":50}},"5":{"start":{"line":11,"column":4},"end":{"line":11,"column":77}},"6":{"start":{"line":11,"column":29},"end":{"line":11,"column":77}},"7":{"start":{"line":11,"column":53},"end":{"line":11,"column":75}},"8":{"start":{"line":12,"column":4},"end":{"line":16,"column":5}},"9":{"start":{"line":13,"column":8},"end":{"line":15,"column":9}},"10":{"start":{"line":14,"column":12},"end":{"line":14,"column":82}},"11":{"start":{"line":14,"column":42},"end":{"line":14,"column":82}},"12":{"start":{"line":17,"column":4},"end":{"line":17,"column":16}}},"fnMap":{"0":{"name":"(anonymous_0)","decl":{"start":{"line":7,"column":9},"end":{"line":7,"column":10}},"loc":{"start":{"line":7,"column":13},"end":{"line":7,"column":25}},"line":7},"1":{"name":"escapeHelper","decl":{"start":{"line":9,"column":9},"end":{"line":9,"column":21}},"loc":{"start":{"line":9,"column":32},"end":{"line":18,"column":1}},"line":9},"2":{"name":"(anonymous_2)","decl":{"start":{"line":11,"column":45},"end":{"line":11,"column":46}},"loc":{"start":{"line":11,"column":53},"end":{"line":11,"column":75}},"line":11}},"branchMap":{"0":{"loc":{"start":{"line":10,"column":4},"end":{"line":10,"column":50}},"type":"if","locations":[{"start":{"line":10,"column":4},"end":{"line":10,"column":50}},{"start":{"line":10,"column":4},"end":{"line":10,"column":50}}],"line":10},"1":{"loc":{"start":{"line":11,"column":4},"end":{"line":11,"column":77}},"type":"if","locations":[{"start":{"line":11,"column":4},"end":{"line":11,"column":77}},{"start":{"line":11,"column":4},"end":{"line":11,"column":77}}],"line":11},"2":{"loc":{"start":{"line":12,"column":4},"end":{"line":16,"column":5}},"type":"if","locations":[{"start":{"line":12,"column":4},"end":{"line":16,"column":5}},{"start":{"line":12,"column":4},"end":{"line":16,"column":5}}],"line":12},"3":{"loc":{"start":{"line":14,"column":12},"end":{"line":14,"column":82}},"type":"if","locations":[{"start":{"line":14,"column":12},"end":{"line":14,"column":82}},{"start":{"line":14,"column":12},"end":{"line":14,"column":82}}],"line":14}},"s":{"0":1,"1":1,"2":2,"3":28,"4":8,"5":20,"6":2,"7":2,"8":18,"9":12,"10":24,"11":24,"12":18},"f":{"0":2,"1":28,"2":2},"b":{"0":[8,20],"1":[2,18],"2":[12,6],"3":[24,0]},"_coverageSchema":"1a1c01bbd47fc00a2c39e90264f33305004495a9","hash":"9aeeba261d6089171f98821e819a91fd1812ae59","contentHash":"7c9cdd526e101da2a560124e306d858738d9b3716468e33f42592b1360a762b6"}
,"/home/dmitry-kazakov/projects/dk/react-mobx-globals/src/utils/findRouteByPathname.ts": {"path":"/home/dmitry-kazakov/projects/dk/react-mobx-globals/src/utils/findRouteByPathname.ts","statementMap":{"0":{"start":{"line":2,"column":0},"end":{"line":4,"column":3}},"1":{"start":{"line":5,"column":0},"end":{"line":8,"column":3}},"2":{"start":{"line":7,"column":13},"end":{"line":7,"column":32}},"3":{"start":{"line":9,"column":19},"end":{"line":9,"column":41}},"4":{"start":{"line":10,"column":19},"end":{"line":10,"column":41}},"5":{"start":{"line":11,"column":22},"end":{"line":11,"column":47}},"6":{"start":{"line":13,"column":4},"end":{"line":13,"column":155}},"7":{"start":{"line":20,"column":26},"end":{"line":20,"column":96}},"8":{"start":{"line":21,"column":4},"end":{"line":46,"column":5}},"9":{"start":{"line":22,"column":8},"end":{"line":22,"column":56}},"10":{"start":{"line":22,"column":47},"end":{"line":22,"column":56}},"11":{"start":{"line":23,"column":22},"end":{"line":23,"column":39}},"12":{"start":{"line":25,"column":8},"end":{"line":25,"column":68}},"13":{"start":{"line":25,"column":55},"end":{"line":25,"column":68}},"14":{"start":{"line":27,"column":8},"end":{"line":27,"column":40}},"15":{"start":{"line":27,"column":31},"end":{"line":27,"column":40}},"16":{"start":{"line":28,"column":35},"end":{"line":28,"column":107}},"17":{"start":{"line":29,"column":8},"end":{"line":29,"column":73}},"18":{"start":{"line":29,"column":64},"end":{"line":29,"column":73}},"19":{"start":{"line":34,"column":33},"end":{"line":43,"column":10}},"20":{"start":{"line":36,"column":33},"end":{"line":36,"column":49}},"21":{"start":{"line":37,"column":12},"end":{"line":37,"column":89}},"22":{"start":{"line":37,"column":55},"end":{"line":37,"column":89}},"23":{"start":{"line":38,"column":30},"end":{"line":38,"column":140}},"24":{"start":{"line":39,"column":12},"end":{"line":41,"column":13}},"25":{"start":{"line":40,"column":16},"end":{"line":40,"column":89}},"26":{"start":{"line":42,"column":12},"end":{"line":42,"column":44}},"27":{"start":{"line":45,"column":8},"end":{"line":45,"column":57}},"28":{"start":{"line":45,"column":31},"end":{"line":45,"column":57}},"29":{"start":{"line":47,"column":4},"end":{"line":47,"column":29}}},"fnMap":{"0":{"name":"(anonymous_0)","decl":{"start":{"line":7,"column":9},"end":{"line":7,"column":10}},"loc":{"start":{"line":7,"column":13},"end":{"line":7,"column":32}},"line":7},"1":{"name":"completeStaticMatch","decl":{"start":{"line":12,"column":9},"end":{"line":12,"column":28}},"loc":{"start":{"line":12,"column":45},"end":{"line":14,"column":1}},"line":12},"2":{"name":"findRouteByPathname","decl":{"start":{"line":15,"column":9},"end":{"line":15,"column":28}},"loc":{"start":{"line":15,"column":53},"end":{"line":48,"column":1}},"line":15},"3":{"name":"(anonymous_3)","decl":{"start":{"line":34,"column":57},"end":{"line":34,"column":58}},"loc":{"start":{"line":34,"column":73},"end":{"line":43,"column":9}},"line":34}},"branchMap":{"0":{"loc":{"start":{"line":13,"column":11},"end":{"line":13,"column":154}},"type":"binary-expr","locations":[{"start":{"line":13,"column":11},"end":{"line":13,"column":64}},{"start":{"line":13,"column":69},"end":{"line":13,"column":86}},{"start":{"line":13,"column":90},"end":{"line":13,"column":153}}],"line":13},"1":{"loc":{"start":{"line":22,"column":8},"end":{"line":22,"column":56}},"type":"if","locations":[{"start":{"line":22,"column":8},"end":{"line":22,"column":56}},{"start":{"line":22,"column":8},"end":{"line":22,"column":56}}],"line":22},"2":{"loc":{"start":{"line":25,"column":8},"end":{"line":25,"column":68}},"type":"if","locations":[{"start":{"line":25,"column":8},"end":{"line":25,"column":68}},{"start":{"line":25,"column":8},"end":{"line":25,"column":68}}],"line":25},"3":{"loc":{"start":{"line":27,"column":8},"end":{"line":27,"column":40}},"type":"if","locations":[{"start":{"line":27,"column":8},"end":{"line":27,"column":40}},{"start":{"line":27,"column":8},"end":{"line":27,"column":40}}],"line":27},"4":{"loc":{"start":{"line":29,"column":8},"end":{"line":29,"column":73}},"type":"if","locations":[{"start":{"line":29,"column":8},"end":{"line":29,"column":73}},{"start":{"line":29,"column":8},"end":{"line":29,"column":73}}],"line":29},"5":{"loc":{"start":{"line":37,"column":12},"end":{"line":37,"column":89}},"type":"if","locations":[{"start":{"line":37,"column":12},"end":{"line":37,"column":89}},{"start":{"line":37,"column":12},"end":{"line":37,"column":89}}],"line":37},"6":{"loc":{"start":{"line":38,"column":30},"end":{"line":38,"column":140}},"type":"cond-expr","locations":[{"start":{"line":38,"column":84},"end":{"line":38,"column":90}},{"start":{"line":38,"column":93},"end":{"line":38,"column":140}}],"line":38},"7":{"loc":{"start":{"line":38,"column":30},"end":{"line":38,"column":81}},"type":"binary-expr","locations":[{"start":{"line":38,"column":30},"end":{"line":38,"column":63}},{"start":{"line":38,"column":67},"end":{"line":38,"column":81}}],"line":38},"8":{"loc":{"start":{"line":39,"column":12},"end":{"line":41,"column":13}},"type":"if","locations":[{"start":{"line":39,"column":12},"end":{"line":41,"column":13}},{"start":{"line":39,"column":12},"end":{"line":41,"column":13}}],"line":39},"9":{"loc":{"start":{"line":45,"column":8},"end":{"line":45,"column":57}},"type":"if","locations":[{"start":{"line":45,"column":8},"end":{"line":45,"column":57}},{"start":{"line":45,"column":8},"end":{"line":45,"column":57}}],"line":45}},"s":{"0":1,"1":1,"2":7,"3":1,"4":1,"5":1,"6":28,"7":7,"8":7,"9":28,"10":0,"11":28,"12":28,"13":2,"14":26,"15":2,"16":24,"17":24,"18":11,"19":13,"20":19,"21":19,"22":14,"23":5,"24":5,"25":1,"26":4,"27":12,"28":3,"29":4},"f":{"0":7,"1":28,"2":7,"3":19},"b":{"0":[28,7,6],"1":[0,28],"2":[2,26],"3":[2,24],"4":[11,13],"5":[14,5],"6":[1,4],"7":[5,5],"8":[1,4],"9":[3,9]},"_coverageSchema":"1a1c01bbd47fc00a2c39e90264f33305004495a9","hash":"9a48388b0f2df00078994c2e6304ea81d01aac6f","contentHash":"e982578f0f59f8b72b728728aea30b7f3d5db506ded8ba807a7d845fbd121d5f"}
,"/home/dmitry-kazakov/projects/dk/react-mobx-globals/src/utils/getDynamicValues.ts": {"path":"/home/dmitry-kazakov/projects/dk/react-mobx-globals/src/utils/getDynamicValues.ts","statementMap":{"0":{"start":{"line":2,"column":0},"end":{"line":4,"column":3}},"1":{"start":{"line":5,"column":0},"end":{"line":8,"column":3}},"2":{"start":{"line":7,"column":13},"end":{"line":7,"column":29}},"3":{"start":{"line":9,"column":19},"end":{"line":9,"column":41}},"4":{"start":{"line":10,"column":19},"end":{"line":10,"column":41}},"5":{"start":{"line":11,"column":22},"end":{"line":11,"column":47}},"6":{"start":{"line":13,"column":41},"end":{"line":13,"column":47}},"7":{"start":{"line":14,"column":26},"end":{"line":14,"column":96}},"8":{"start":{"line":15,"column":31},"end":{"line":15,"column":110}},"9":{"start":{"line":16,"column":26},"end":{"line":16,"column":28}},"10":{"start":{"line":17,"column":4},"end":{"line":21,"column":5}},"11":{"start":{"line":17,"column":16},"end":{"line":17,"column":17}},"12":{"start":{"line":18,"column":26},"end":{"line":18,"column":47}},"13":{"start":{"line":20,"column":8},"end":{"line":20,"column":127}},"14":{"start":{"line":20,"column":50},"end":{"line":20,"column":127}},"15":{"start":{"line":22,"column":4},"end":{"line":22,"column":25}}},"fnMap":{"0":{"name":"(anonymous_0)","decl":{"start":{"line":7,"column":9},"end":{"line":7,"column":10}},"loc":{"start":{"line":7,"column":13},"end":{"line":7,"column":29}},"line":7},"1":{"name":"getDynamicValues","decl":{"start":{"line":12,"column":9},"end":{"line":12,"column":25}},"loc":{"start":{"line":12,"column":34},"end":{"line":23,"column":1}},"line":12}},"branchMap":{"0":{"loc":{"start":{"line":20,"column":8},"end":{"line":20,"column":127}},"type":"if","locations":[{"start":{"line":20,"column":8},"end":{"line":20,"column":127}},{"start":{"line":20,"column":8},"end":{"line":20,"column":127}}],"line":20}},"s":{"0":1,"1":1,"2":3,"3":1,"4":1,"5":1,"6":3,"7":3,"8":3,"9":3,"10":3,"11":3,"12":7,"13":7,"14":3,"15":3},"f":{"0":3,"1":3},"b":{"0":[3,4]},"_coverageSchema":"1a1c01bbd47fc00a2c39e90264f33305004495a9","hash":"a5c6bb755ca152cb1fb17e6290a421525418b45c","contentHash":"a005865e6a2f591fa932be3af2c171df2d890eabbda6de73f865e53b5726af46"}
,"/home/dmitry-kazakov/projects/dk/react-mobx-globals/src/utils/isDynamic.ts": {"path":"/home/dmitry-kazakov/projects/dk/react-mobx-globals/src/utils/isDynamic.ts","statementMap":{"0":{"start":{"line":2,"column":0},"end":{"line":4,"column":3}},"1":{"start":{"line":5,"column":0},"end":{"line":8,"column":3}},"2":{"start":{"line":7,"column":13},"end":{"line":7,"column":22}},"3":{"start":{"line":9,"column":19},"end":{"line":9,"column":41}},"4":{"start":{"line":12,"column":4},"end":{"line":12,"column":62}}},"fnMap":{"0":{"name":"(anonymous_0)","decl":{"start":{"line":7,"column":9},"end":{"line":7,"column":10}},"loc":{"start":{"line":7,"column":13},"end":{"line":7,"column":22}},"line":7},"1":{"name":"isDynamic","decl":{"start":{"line":10,"column":9},"end":{"line":10,"column":18}},"loc":{"start":{"line":10,"column":26},"end":{"line":13,"column":1}},"line":10}},"branchMap":{},"s":{"0":1,"1":1,"2":33,"3":1,"4":33},"f":{"0":33,"1":33},"b":{},"_coverageSchema":"1a1c01bbd47fc00a2c39e90264f33305004495a9","hash":"4a031bce6c092705b41643a377b9dd610c2d4e51","contentHash":"d51d7c35ccbb3abd1774c7a904561d2940707cc3506369caf89b680070bb8c2f"}
,"/home/dmitry-kazakov/projects/dk/react-mobx-globals/src/utils/mergeObservableDeep.ts": {"path":"/home/dmitry-kazakov/projects/dk/react-mobx-globals/src/utils/mergeObservableDeep.ts","statementMap":{"0":{"start":{"line":2,"column":0},"end":{"line":4,"column":3}},"1":{"start":{"line":5,"column":0},"end":{"line":8,"column":3}},"2":{"start":{"line":7,"column":13},"end":{"line":7,"column":32}},"3":{"start":{"line":9,"column":14},"end":{"line":9,"column":29}},"4":{"start":{"line":11,"column":4},"end":{"line":19,"column":5}},"5":{"start":{"line":12,"column":8},"end":{"line":12,"column":50}},"6":{"start":{"line":12,"column":41},"end":{"line":12,"column":50}},"7":{"start":{"line":13,"column":27},"end":{"line":13,"column":38}},"8":{"start":{"line":14,"column":27},"end":{"line":14,"column":38}},"9":{"start":{"line":15,"column":8},"end":{"line":18,"column":68}},"10":{"start":{"line":16,"column":12},"end":{"line":16,"column":97}},"11":{"start":{"line":16,"column":29},"end":{"line":16,"column":97}},"12":{"start":{"line":16,"column":56},"end":{"line":16,"column":95}},"13":{"start":{"line":17,"column":12},"end":{"line":17,"column":57}},"14":{"start":{"line":18,"column":15},"end":{"line":18,"column":68}},"15":{"start":{"line":18,"column":42},"end":{"line":18,"column":66}},"16":{"start":{"line":20,"column":4},"end":{"line":20,"column":18}}},"fnMap":{"0":{"name":"(anonymous_0)","decl":{"start":{"line":7,"column":9},"end":{"line":7,"column":10}},"loc":{"start":{"line":7,"column":13},"end":{"line":7,"column":32}},"line":7},"1":{"name":"mergeObservableDeep","decl":{"start":{"line":10,"column":9},"end":{"line":10,"column":28}},"loc":{"start":{"line":10,"column":45},"end":{"line":21,"column":1}},"line":10},"2":{"name":"(anonymous_2)","decl":{"start":{"line":16,"column":52},"end":{"line":16,"column":53}},"loc":{"start":{"line":16,"column":56},"end":{"line":16,"column":95}},"line":16},"3":{"name":"(anonymous_3)","decl":{"start":{"line":18,"column":38},"end":{"line":18,"column":39}},"loc":{"start":{"line":18,"column":42},"end":{"line":18,"column":66}},"line":18}},"branchMap":{"0":{"loc":{"start":{"line":12,"column":8},"end":{"line":12,"column":50}},"type":"if","locations":[{"start":{"line":12,"column":8},"end":{"line":12,"column":50}},{"start":{"line":12,"column":8},"end":{"line":12,"column":50}}],"line":12},"1":{"loc":{"start":{"line":15,"column":8},"end":{"line":18,"column":68}},"type":"if","locations":[{"start":{"line":15,"column":8},"end":{"line":18,"column":68}},{"start":{"line":15,"column":8},"end":{"line":18,"column":68}}],"line":15},"2":{"loc":{"start":{"line":16,"column":12},"end":{"line":16,"column":97}},"type":"if","locations":[{"start":{"line":16,"column":12},"end":{"line":16,"column":97}},{"start":{"line":16,"column":12},"end":{"line":16,"column":97}}],"line":16}},"s":{"0":1,"1":1,"2":1,"3":1,"4":4,"5":10,"6":0,"7":10,"8":10,"9":10,"10":3,"11":2,"12":2,"13":3,"14":7,"15":7,"16":4},"f":{"0":1,"1":4,"2":2,"3":7},"b":{"0":[0,10],"1":[3,7],"2":[2,1]},"_coverageSchema":"1a1c01bbd47fc00a2c39e90264f33305004495a9","hash":"0a280161351d5a4ebfd2c84617748a103e7a3f7d","contentHash":"e40af7a8ee45ea2b1b127e97a0883a202707ca64fa742ee1ca34b7bdcd48274b"}
,"/home/dmitry-kazakov/projects/dk/react-mobx-globals/src/utils/replaceDynamicValues.ts": {"path":"/home/dmitry-kazakov/projects/dk/react-mobx-globals/src/utils/replaceDynamicValues.ts","statementMap":{"0":{"start":{"line":2,"column":0},"end":{"line":4,"column":3}},"1":{"start":{"line":5,"column":0},"end":{"line":8,"column":3}},"2":{"start":{"line":7,"column":13},"end":{"line":7,"column":33}},"3":{"start":{"line":9,"column":19},"end":{"line":9,"column":41}},"4":{"start":{"line":10,"column":19},"end":{"line":10,"column":41}},"5":{"start":{"line":11,"column":22},"end":{"line":11,"column":47}},"6":{"start":{"line":12,"column":11},"end":{"line":12,"column":75}},"7":{"start":{"line":14,"column":4},"end":{"line":21,"column":7}},"8":{"start":{"line":15,"column":8},"end":{"line":15,"column":68}},"9":{"start":{"line":15,"column":51},"end":{"line":15,"column":68}},"10":{"start":{"line":16,"column":22},"end":{"line":16,"column":72}},"11":{"start":{"line":17,"column":8},"end":{"line":19,"column":9}},"12":{"start":{"line":18,"column":12},"end":{"line":18,"column":115}},"13":{"start":{"line":20,"column":8},"end":{"line":20,"column":21}}},"fnMap":{"0":{"name":"(anonymous_0)","decl":{"start":{"line":7,"column":9},"end":{"line":7,"column":10}},"loc":{"start":{"line":7,"column":13},"end":{"line":7,"column":33}},"line":7},"1":{"name":"replaceDynamicValues","decl":{"start":{"line":13,"column":9},"end":{"line":13,"column":29}},"loc":{"start":{"line":13,"column":58},"end":{"line":22,"column":1}},"line":13},"2":{"name":"(anonymous_2)","decl":{"start":{"line":14,"column":41},"end":{"line":14,"column":42}},"loc":{"start":{"line":14,"column":54},"end":{"line":21,"column":5}},"line":14}},"branchMap":{"0":{"loc":{"start":{"line":15,"column":8},"end":{"line":15,"column":68}},"type":"if","locations":[{"start":{"line":15,"column":8},"end":{"line":15,"column":68}},{"start":{"line":15,"column":8},"end":{"line":15,"column":68}}],"line":15},"1":{"loc":{"start":{"line":17,"column":8},"end":{"line":19,"column":9}},"type":"if","locations":[{"start":{"line":17,"column":8},"end":{"line":19,"column":9}},{"start":{"line":17,"column":8},"end":{"line":19,"column":9}}],"line":17}},"s":{"0":1,"1":1,"2":3,"3":1,"4":1,"5":1,"6":1,"7":3,"8":7,"9":3,"10":4,"11":4,"12":1,"13":3},"f":{"0":3,"1":3,"2":7},"b":{"0":[3,4],"1":[1,3]},"_coverageSchema":"1a1c01bbd47fc00a2c39e90264f33305004495a9","hash":"02200f306b6ab8867633c0421b1f5585f52511b3","contentHash":"175a0d54e27af646e02e55bcdbd3c9760e27164eecd4edf2dac5adf260b115e0"}
,"/home/dmitry-kazakov/projects/dk/react-mobx-globals/src/utils/unescapeAllStrings.ts": {"path":"/home/dmitry-kazakov/projects/dk/react-mobx-globals/src/utils/unescapeAllStrings.ts","statementMap":{"0":{"start":{"line":2,"column":0},"end":{"line":4,"column":3}},"1":{"start":{"line":5,"column":0},"end":{"line":8,"column":3}},"2":{"start":{"line":7,"column":13},"end":{"line":7,"column":31}},"3":{"start":{"line":9,"column":22},"end":{"line":9,"column":47}},"4":{"start":{"line":10,"column":22},"end":{"line":16,"column":1}},"5":{"start":{"line":17,"column":22},"end":{"line":17,"column":49}},"6":{"start":{"line":19,"column":4},"end":{"line":19,"column":106}},"7":{"start":{"line":19,"column":79},"end":{"line":19,"column":98}},"8":{"start":{"line":22,"column":4},"end":{"line":22,"column":59}}},"fnMap":{"0":{"name":"(anonymous_0)","decl":{"start":{"line":7,"column":9},"end":{"line":7,"column":10}},"loc":{"start":{"line":7,"column":13},"end":{"line":7,"column":31}},"line":7},"1":{"name":"unescape","decl":{"start":{"line":18,"column":9},"end":{"line":18,"column":17}},"loc":{"start":{"line":18,"column":23},"end":{"line":20,"column":1}},"line":18},"2":{"name":"(anonymous_2)","decl":{"start":{"line":19,"column":71},"end":{"line":19,"column":72}},"loc":{"start":{"line":19,"column":79},"end":{"line":19,"column":98}},"line":19},"3":{"name":"unescapeAllStrings","decl":{"start":{"line":21,"column":9},"end":{"line":21,"column":27}},"loc":{"start":{"line":21,"column":34},"end":{"line":23,"column":1}},"line":21}},"branchMap":{"0":{"loc":{"start":{"line":19,"column":11},"end":{"line":19,"column":105}},"type":"cond-expr","locations":[{"start":{"line":19,"column":44},"end":{"line":19,"column":99}},{"start":{"line":19,"column":102},"end":{"line":19,"column":105}}],"line":19},"1":{"loc":{"start":{"line":19,"column":11},"end":{"line":19,"column":41}},"type":"binary-expr","locations":[{"start":{"line":19,"column":11},"end":{"line":19,"column":14}},{"start":{"line":19,"column":18},"end":{"line":19,"column":41}}],"line":19}},"s":{"0":1,"1":1,"2":1,"3":1,"4":1,"5":1,"6":4,"7":5,"8":1},"f":{"0":1,"1":4,"2":5,"3":1},"b":{"0":[3,1],"1":[4,4]},"_coverageSchema":"1a1c01bbd47fc00a2c39e90264f33305004495a9","hash":"cd7380413f1b857949370b1279f8b3b4af9bd8fc","contentHash":"6ad6160a2a691a6a3d1ce96c8ee9939e2366f7f6f3af12481eec9ac9a124d90c"}
}
